Unity Editor version:    2020.3.25f1 (9b9180224418)
Branch:                  2020.3/staging
Build type:              Release
Batch mode:              YES
macOS version:           Version 12.1 (Build 21C52)
Darwin version:          21.2.0
Architecture:            x86_64
Running under Rosetta:   NO
Available memory:        16384 MB
Using pre-set license
Pro License: NO

COMMAND LINE ARGUMENTS:
/Applications/Unity/Hub/Editor/2020.3.25f1/Unity.app/Contents/MacOS/Unity
-adb2
-batchMode
-noUpm
-name
AssetImportWorker0
-projectPath
/Users/j.zehao/Downloads/Assignment_1
-logFile
Logs/AssetImportWorker0.log
-srvPort
53782
Successfully changed project path to: /Users/j.zehao/Downloads/Assignment_1
/Users/j.zehao/Downloads/Assignment_1
Using Asset Import Pipeline V2.
Refreshing native plugins compatible for Editor in 91.89 ms, found 2 plugins.
Preloading 0 native plugins for Editor in 0.00 ms.
Initialize engine version: 2020.3.25f1 (9b9180224418)
[Subsystems] Discovering subsystems at path /Applications/Unity/Hub/Editor/2020.3.25f1/Unity.app/Contents/Resources/UnitySubsystems
[Subsystems] Discovering subsystems at path /Users/j.zehao/Downloads/Assignment_1/Assets
GfxDevice: creating device client; threaded=0
2022-02-01 09:03:05.083 Unity[3416:148883] Color LCD preferred device: Intel(R) UHD Graphics 630 (low power)
2022-02-01 09:03:05.083 Unity[3416:148883] Metal devices available: 2
2022-02-01 09:03:05.083 Unity[3416:148883] 0: AMD Radeon Pro 555X (high power)
2022-02-01 09:03:05.083 Unity[3416:148883] 1: Intel(R) UHD Graphics 630 (low power)
2022-02-01 09:03:05.083 Unity[3416:148883] Using device AMD Radeon Pro 555X (high power)
Initializing Metal device caps: AMD Radeon Pro 555X
Initialize mono
Mono path[0] = '/Applications/Unity/Hub/Editor/2020.3.25f1/Unity.app/Contents/Managed'
Mono path[1] = '/Applications/Unity/Hub/Editor/2020.3.25f1/Unity.app/Contents/MonoBleedingEdge/lib/mono/unityjit'
Mono config path = '/Applications/Unity/Hub/Editor/2020.3.25f1/Unity.app/Contents/MonoBleedingEdge/etc'
Using monoOptions --debugger-agent=transport=dt_socket,embedding=1,server=y,suspend=n,address=127.0.0.1:56416
Begin MonoManager ReloadAssembly
Registering precompiled unity dll's ...
Register platform support module: /Applications/Unity/Hub/Editor/2020.3.25f1/Unity.app/Contents/PlaybackEngines/MacStandaloneSupport/UnityEditor.OSXStandalone.Extensions.dll
Registered in 0.001912 seconds.
Native extension for OSXStandalone target not found
Refreshing native plugins compatible for Editor in 63.40 ms, found 2 plugins.
Preloading 0 native plugins for Editor in 0.00 ms.
Mono: successfully reloaded assembly
- Completed reload, in  0.874 seconds
Domain Reload Profiling:
	ReloadAssembly (874ms)
		BeginReloadAssembly (71ms)
			ExecutionOrderSort (0ms)
			DisableScriptedObjects (0ms)
			BackupInstance (0ms)
			ReleaseScriptingObjects (0ms)
			CreateAndSetChildDomain (1ms)
		EndReloadAssembly (697ms)
			LoadAssemblies (71ms)
			RebuildTransferFunctionScriptingTraits (0ms)
			SetupTypeCache (256ms)
			ReleaseScriptCaches (0ms)
			RebuildScriptCaches (50ms)
			SetupLoadedEditorAssemblies (269ms)
				LogAssemblyErrors (0ms)
				InitializePlatformSupportModulesInManaged (6ms)
				SetLoadedEditorAssemblies (0ms)
				RefreshPlugins (63ms)
				BeforeProcessingInitializeOnLoad (11ms)
				ProcessInitializeOnLoadAttributes (145ms)
				ProcessInitializeOnLoadMethodAttributes (43ms)
				AfterProcessingInitializeOnLoad (0ms)
				EditorAssembliesLoaded (0ms)
			ExecutionOrderSort2 (0ms)
			AwakeInstancesAfterBackupRestoration (0ms)
Platform modules already initialized, skipping
Registering precompiled user dll's ...
Registered in 0.013700 seconds.
Begin MonoManager ReloadAssembly
Native extension for OSXStandalone target not found
Refreshing native plugins compatible for Editor in 0.89 ms, found 2 plugins.
Preloading 0 native plugins for Editor in 0.00 ms.
Mono: successfully reloaded assembly
- Completed reload, in  2.230 seconds
Domain Reload Profiling:
	ReloadAssembly (2232ms)
		BeginReloadAssembly (230ms)
			ExecutionOrderSort (0ms)
			DisableScriptedObjects (7ms)
			BackupInstance (0ms)
			ReleaseScriptingObjects (0ms)
			CreateAndSetChildDomain (32ms)
		EndReloadAssembly (1885ms)
			LoadAssemblies (172ms)
			RebuildTransferFunctionScriptingTraits (0ms)
			SetupTypeCache (572ms)
			ReleaseScriptCaches (1ms)
			RebuildScriptCaches (102ms)
			SetupLoadedEditorAssemblies (752ms)
				LogAssemblyErrors (0ms)
				InitializePlatformSupportModulesInManaged (6ms)
				SetLoadedEditorAssemblies (1ms)
				RefreshPlugins (1ms)
				BeforeProcessingInitializeOnLoad (110ms)
				ProcessInitializeOnLoadAttributes (533ms)
				ProcessInitializeOnLoadMethodAttributes (97ms)
				AfterProcessingInitializeOnLoad (4ms)
				EditorAssembliesLoaded (0ms)
			ExecutionOrderSort2 (0ms)
			AwakeInstancesAfterBackupRestoration (19ms)
Platform modules already initialized, skipping
Validating Project structure ... 0.009317 seconds.
Shader import version has changed; will reimport all shaders...
Upgrading shader files ...0.014785 seconds.
Application.AssetDatabase Initial Script Refresh Start
RefreshInfo: InitialScriptRefreshV2(NoUpdateAssetOptions) scanfilter:  ... 1 filters
RefreshProfiler: Total: 0.000ms
Application.AssetDatabase Initial Script Refresh End
Application.AssetDatabase.Refresh Start
Application.AssetDatabase.Refresh End
RefreshInfo: StopAssetImportingV2(ForceSynchronousImport) scanfilter: 
RefreshProfiler: Total: 0.000ms
Launching external process: /Applications/Unity/Hub/Editor/2020.3.25f1/Unity.app/Contents/Tools/UnityShaderCompiler
Launched and connected shader compiler UnityShaderCompiler after 0.09 seconds
Initializing Unity extensions:
[C# Project] Writing /Users/j.zehao/Downloads/Assignment_1/Assignment_1.sln because it has changed
[C# Project] First difference on line 4

[C# Project] Current /Users/j.zehao/Downloads/Assignment_1/Assignment_1.sln:
[C# Project]   004: Project("{FAE04EC0-301F-11D3-BF4B-00C04F79EFBC}") = "Assembly-CSharp", "Assembly-CSharp.csproj", "{A428C61A-9697-43E8-3415-AD7713E2F5E9}"
[C# Project]   005: EndProject
[C# Project]   006: Global
[C# Project]   007: 	GlobalSection(SolutionConfigurationPlatforms) = preSolution
[C# Project]   008: 		Debug|Any CPU = Debug|Any CPU

[C# Project] New /Users/j.zehao/Downloads/Assignment_1/Assignment_1.sln:
[C# Project]   004: Project("{FAE04EC0-301F-11D3-BF4B-00C04F79EFBC}") = "UnityEngine.UI", "UnityEngine.UI.csproj", "{C0E3126F-5AA4-61D6-6A90-6681EC727264}"
[C# Project]   005: EndProject
[C# Project]   006: Project("{FAE04EC0-301F-11D3-BF4B-00C04F79EFBC}") = "UnityEngine.SpatialTracking", "UnityEngine.SpatialTracking.csproj", "{8C5310AA-0D36-5364-3047-852CAC964467}"
[C# Project]   007: EndProject
[C# Project]   008: Project("{FAE04EC0-301F-11D3-BF4B-00C04F79EFBC}") = "UnityEngine.TestRunner", "UnityEngine.TestRunner.csproj", "{8C105DE7-5092-731E-B9B1-228C192D57DA}"
[C# Project] Writing /Users/j.zehao/Downloads/Assignment_1/Assembly-CSharp.csproj because it has changed
[C# Project] First difference on line 670

[C# Project] Current /Users/j.zehao/Downloads/Assignment_1/Assembly-CSharp.csproj:
[C# Project]   670:  <Reference Include="Purchasing.Common">
[C# Project]   671:  <HintPath>/Users/j.zehao/Downloads/Assignment_1/Library/ScriptAssemblies/Purchasing.Common.dll</HintPath>
[C# Project]   672:  </Reference>
[C# Project]   673:  <Reference Include="Unity.VSCode.Editor">
[C# Project]   674:  <HintPath>/Users/j.zehao/Downloads/Assignment_1/Library/ScriptAssemblies/Unity.VSCode.Editor.dll</HintPath>

[C# Project] New /Users/j.zehao/Downloads/Assignment_1/Assembly-CSharp.csproj:
[C# Project]   670:   </ItemGroup>
[C# Project]   671:   <ItemGroup>
[C# Project]   672:     <ProjectReference Include="Purchasing.Common.csproj">
[C# Project]   673:       <Project>{62CAC6E1-0BBC-A6A0-1652-FE4B43915B35}</Project>
[C# Project]   674:       <Name>Purchasing.Common</Name>
2022-02-01 09:03:11.616 Unity[3416:148883] NSEventModifierFlagFunction specified to -setKeyEquivalentModifierMask: for item <NSMenuItem: 0x6000010668b0 Font Asset, ke='Command-F12'>, but is only supported for system-provided menu items; will not be used
2022-02-01 09:03:11.621 Unity[3416:148883] NSEventModifierFlagFunction specified to -setKeyEquivalentModifierMask: for item <NSMenuItem: 0x600001057b10 Font Asset, ke='Command-F12'>, but is only supported for system-provided menu items; will not be used
========================================================================
Worker process is ready to serve import requests
Refreshing native plugins compatible for Editor in 0.84 ms, found 2 plugins.
Preloading 0 native plugins for Editor in 0.00 ms.
Unloading 2300 Unused Serialized files (Serialized files now loaded: 0)
System memory in use before: 204.6 MB.
System memory in use after: 204.4 MB.

Unloading 182 unused Assets to reduce memory usage. Loaded Objects now: 2757.
Total: 10.134374 ms (FindLiveObjects: 0.238904 ms CreateObjectMapping: 0.139592 ms MarkObjects: 9.325912 ms  DeleteObjects: 0.427723 ms)

AssetImportParameters requested are different than current active one (requested -> active):
  custom:video-decoder-ogg-theora: a1e56fd34408186e4bbccfd4996cb3dc -> 
  custom:container-muxer-webm: aa71ff27fc2769a1b78a27578f13a17b -> 
  custom:container-demuxer-webm: 4f35f7cbe854078d1ac9338744f61a02 -> 
  custom:container-demuxer-ogg: 62fdf1f143b41e24485cea50d1cbac27 -> 
  custom:video-encoder-webm-vp8: eb34c28f22e8b96e1ab97ce403110664 -> 
  custom:framework-osx-AVFoundation: e770b220cccbd017edd2c1fefb359320 -> 
  custom:video-decoder-webm-vp8: 9c59270c3fd7afecdb556c50c9e8de78 -> 
  custom:audio-decoder-ogg-vorbis: bf7c407c2cedff20999df2af8eb42d56 -> 
  custom:audio-encoder-webm-vorbis: bf7c407c2cedff20999df2af8eb42d56 -> 
========================================================================
Received Import Request.
  path: Assets/Scrips/CarAI.cs
  artifactKey: Guid(57f37a74d9bc64bfab28e1fee11436aa) Importer(815301076,1909f56bfc062723c751e8b465ee728b)
Start importing Assets/Scrips/CarAI.cs using Guid(57f37a74d9bc64bfab28e1fee11436aa) Importer(815301076,1909f56bfc062723c751e8b465ee728b)  -> (artifact id: 'a64e743b0cee833a30084a3a721f2695') in 0.336526 seconds 
  Import took 0.348339 seconds .

AssetImportWorkerClient::OnTransportError - code=2 error=End of file
